<?xml version="1.0" encoding="UTF-8"?>
<testsuite xmlns:xsi="http://www.w3.org/2001/XMLSchema-instance" xsi:noNamespaceSchemaLocation="https://maven.apache.org/surefire/maven-surefire-plugin/xsd/surefire-test-report.xsd" name="com.butterfly.AppTest" time="0.025" tests="1" errors="0" skipped="0" failures="0">
  <properties>
    <property name="gopherProxySet" value="false"/>
    <property name="awt.toolkit" value="sun.lwawt.macosx.LWCToolkit"/>
    <property name="file.encoding.pkg" value="sun.io"/>
    <property name="java.specification.version" value="1.8"/>
    <property name="sun.cpu.isalist" value=""/>
    <property name="sun.jnu.encoding" value="UTF-8"/>
    <property name="java.class.path" value="/Users/didi/Documents/AI/butterfly/butterfly/butterfly-framework/target/test-classes:/Users/didi/Documents/AI/butterfly/butterfly/butterfly-framework/target/classes:/Users/didi/.m2/repository/org/springframework/boot/spring-boot-starter-web/2.7.18/spring-boot-starter-web-2.7.18.jar:/Users/didi/.m2/repository/org/springframework/boot/spring-boot-starter/2.7.18/spring-boot-starter-2.7.18.jar:/Users/didi/.m2/repository/org/springframework/boot/spring-boot/2.7.18/spring-boot-2.7.18.jar:/Users/didi/.m2/repository/org/springframework/boot/spring-boot-autoconfigure/2.7.18/spring-boot-autoconfigure-2.7.18.jar:/Users/didi/.m2/repository/org/springframework/boot/spring-boot-starter-logging/2.7.18/spring-boot-starter-logging-2.7.18.jar:/Users/didi/.m2/repository/ch/qos/logback/logback-classic/1.2.12/logback-classic-1.2.12.jar:/Users/didi/.m2/repository/ch/qos/logback/logback-core/1.2.12/logback-core-1.2.12.jar:/Users/didi/.m2/repository/org/slf4j/slf4j-api/1.7.36/slf4j-api-1.7.36.jar:/Users/didi/.m2/repository/org/apache/logging/log4j/log4j-to-slf4j/2.17.2/log4j-to-slf4j-2.17.2.jar:/Users/didi/.m2/repository/org/apache/logging/log4j/log4j-api/2.17.2/log4j-api-2.17.2.jar:/Users/didi/.m2/repository/org/slf4j/jul-to-slf4j/1.7.36/jul-to-slf4j-1.7.36.jar:/Users/didi/.m2/repository/jakarta/annotation/jakarta.annotation-api/1.3.5/jakarta.annotation-api-1.3.5.jar:/Users/didi/.m2/repository/org/springframework/spring-core/5.3.31/spring-core-5.3.31.jar:/Users/didi/.m2/repository/org/springframework/spring-jcl/5.3.31/spring-jcl-5.3.31.jar:/Users/didi/.m2/repository/org/yaml/snakeyaml/1.30/snakeyaml-1.30.jar:/Users/didi/.m2/repository/org/springframework/boot/spring-boot-starter-json/2.7.18/spring-boot-starter-json-2.7.18.jar:/Users/didi/.m2/repository/com/fasterxml/jackson/datatype/jackson-datatype-jdk8/2.13.5/jackson-datatype-jdk8-2.13.5.jar:/Users/didi/.m2/repository/com/fasterxml/jackson/core/jackson-core/2.13.5/jackson-core-2.13.5.jar:/Users/didi/.m2/repository/com/fasterxml/jackson/datatype/jackson-datatype-jsr310/2.13.5/jackson-datatype-jsr310-2.13.5.jar:/Users/didi/.m2/repository/com/fasterxml/jackson/core/jackson-annotations/2.13.5/jackson-annotations-2.13.5.jar:/Users/didi/.m2/repository/com/fasterxml/jackson/module/jackson-module-parameter-names/2.13.5/jackson-module-parameter-names-2.13.5.jar:/Users/didi/.m2/repository/org/springframework/spring-web/5.3.31/spring-web-5.3.31.jar:/Users/didi/.m2/repository/org/springframework/spring-beans/5.3.31/spring-beans-5.3.31.jar:/Users/didi/.m2/repository/org/springframework/spring-webmvc/5.3.31/spring-webmvc-5.3.31.jar:/Users/didi/.m2/repository/org/springframework/spring-aop/5.3.31/spring-aop-5.3.31.jar:/Users/didi/.m2/repository/org/springframework/spring-context/5.3.31/spring-context-5.3.31.jar:/Users/didi/.m2/repository/org/springframework/spring-expression/5.3.31/spring-expression-5.3.31.jar:/Users/didi/.m2/repository/com/alibaba/fastjson2/fastjson2/2.0.34/fastjson2-2.0.34.jar:/Users/didi/.m2/repository/com/alibaba/fastjson2/fastjson2-extension/2.0.34/fastjson2-extension-2.0.34.jar:/Users/didi/.m2/repository/io/netty/netty-all/4.1.94.Final/netty-all-4.1.94.Final.jar:/Users/didi/.m2/repository/io/netty/netty-buffer/4.1.101.Final/netty-buffer-4.1.101.Final.jar:/Users/didi/.m2/repository/io/netty/netty-codec/4.1.101.Final/netty-codec-4.1.101.Final.jar:/Users/didi/.m2/repository/io/netty/netty-codec-dns/4.1.101.Final/netty-codec-dns-4.1.101.Final.jar:/Users/didi/.m2/repository/io/netty/netty-codec-haproxy/4.1.101.Final/netty-codec-haproxy-4.1.101.Final.jar:/Users/didi/.m2/repository/io/netty/netty-codec-http/4.1.101.Final/netty-codec-http-4.1.101.Final.jar:/Users/didi/.m2/repository/io/netty/netty-codec-http2/4.1.101.Final/netty-codec-http2-4.1.101.Final.jar:/Users/didi/.m2/repository/io/netty/netty-codec-memcache/4.1.101.Final/netty-codec-memcache-4.1.101.Final.jar:/Users/didi/.m2/repository/io/netty/netty-codec-mqtt/4.1.101.Final/netty-codec-mqtt-4.1.101.Final.jar:/Users/didi/.m2/repository/io/netty/netty-codec-redis/4.1.101.Final/netty-codec-redis-4.1.101.Final.jar:/Users/didi/.m2/repository/io/netty/netty-codec-smtp/4.1.101.Final/netty-codec-smtp-4.1.101.Final.jar:/Users/didi/.m2/repository/io/netty/netty-codec-socks/4.1.101.Final/netty-codec-socks-4.1.101.Final.jar:/Users/didi/.m2/repository/io/netty/netty-codec-stomp/4.1.101.Final/netty-codec-stomp-4.1.101.Final.jar:/Users/didi/.m2/repository/io/netty/netty-codec-xml/4.1.101.Final/netty-codec-xml-4.1.101.Final.jar:/Users/didi/.m2/repository/io/netty/netty-common/4.1.101.Final/netty-common-4.1.101.Final.jar:/Users/didi/.m2/repository/io/netty/netty-handler/4.1.101.Final/netty-handler-4.1.101.Final.jar:/Users/didi/.m2/repository/io/netty/netty-transport-native-unix-common/4.1.101.Final/netty-transport-native-unix-common-4.1.101.Final.jar:/Users/didi/.m2/repository/io/netty/netty-handler-proxy/4.1.101.Final/netty-handler-proxy-4.1.101.Final.jar:/Users/didi/.m2/repository/io/netty/netty-handler-ssl-ocsp/4.1.101.Final/netty-handler-ssl-ocsp-4.1.101.Final.jar:/Users/didi/.m2/repository/io/netty/netty-resolver/4.1.101.Final/netty-resolver-4.1.101.Final.jar:/Users/didi/.m2/repository/io/netty/netty-resolver-dns/4.1.101.Final/netty-resolver-dns-4.1.101.Final.jar:/Users/didi/.m2/repository/io/netty/netty-transport/4.1.101.Final/netty-transport-4.1.101.Final.jar:/Users/didi/.m2/repository/io/netty/netty-transport-rxtx/4.1.101.Final/netty-transport-rxtx-4.1.101.Final.jar:/Users/didi/.m2/repository/io/netty/netty-transport-sctp/4.1.101.Final/netty-transport-sctp-4.1.101.Final.jar:/Users/didi/.m2/repository/io/netty/netty-transport-udt/4.1.101.Final/netty-transport-udt-4.1.101.Final.jar:/Users/didi/.m2/repository/io/netty/netty-transport-classes-epoll/4.1.101.Final/netty-transport-classes-epoll-4.1.101.Final.jar:/Users/didi/.m2/repository/io/netty/netty-transport-classes-kqueue/4.1.101.Final/netty-transport-classes-kqueue-4.1.101.Final.jar:/Users/didi/.m2/repository/io/netty/netty-resolver-dns-classes-macos/4.1.101.Final/netty-resolver-dns-classes-macos-4.1.101.Final.jar:/Users/didi/.m2/repository/io/netty/netty-transport-native-epoll/4.1.101.Final/netty-transport-native-epoll-4.1.101.Final-linux-x86_64.jar:/Users/didi/.m2/repository/io/netty/netty-transport-native-epoll/4.1.101.Final/netty-transport-native-epoll-4.1.101.Final-linux-aarch_64.jar:/Users/didi/.m2/repository/io/netty/netty-transport-native-kqueue/4.1.101.Final/netty-transport-native-kqueue-4.1.101.Final-osx-x86_64.jar:/Users/didi/.m2/repository/io/netty/netty-transport-native-kqueue/4.1.101.Final/netty-transport-native-kqueue-4.1.101.Final-osx-aarch_64.jar:/Users/didi/.m2/repository/io/netty/netty-resolver-dns-native-macos/4.1.101.Final/netty-resolver-dns-native-macos-4.1.101.Final-osx-x86_64.jar:/Users/didi/.m2/repository/io/netty/netty-resolver-dns-native-macos/4.1.101.Final/netty-resolver-dns-native-macos-4.1.101.Final-osx-aarch_64.jar:/Users/didi/.m2/repository/org/springframework/boot/spring-boot-starter-undertow/2.7.18/spring-boot-starter-undertow-2.7.18.jar:/Users/didi/.m2/repository/io/undertow/undertow-core/2.2.28.Final/undertow-core-2.2.28.Final.jar:/Users/didi/.m2/repository/org/jboss/logging/jboss-logging/3.4.3.Final/jboss-logging-3.4.3.Final.jar:/Users/didi/.m2/repository/org/jboss/xnio/xnio-api/3.8.7.Final/xnio-api-3.8.7.Final.jar:/Users/didi/.m2/repository/org/wildfly/common/wildfly-common/1.5.4.Final/wildfly-common-1.5.4.Final.jar:/Users/didi/.m2/repository/org/wildfly/client/wildfly-client-config/1.0.1.Final/wildfly-client-config-1.0.1.Final.jar:/Users/didi/.m2/repository/org/jboss/xnio/xnio-nio/3.8.7.Final/xnio-nio-3.8.7.Final.jar:/Users/didi/.m2/repository/org/jboss/threads/jboss-threads/3.1.0.Final/jboss-threads-3.1.0.Final.jar:/Users/didi/.m2/repository/io/undertow/undertow-servlet/2.2.28.Final/undertow-servlet-2.2.28.Final.jar:/Users/didi/.m2/repository/io/undertow/undertow-websockets-jsr/2.2.28.Final/undertow-websockets-jsr-2.2.28.Final.jar:/Users/didi/.m2/repository/jakarta/servlet/jakarta.servlet-api/4.0.4/jakarta.servlet-api-4.0.4.jar:/Users/didi/.m2/repository/jakarta/websocket/jakarta.websocket-api/1.1.2/jakarta.websocket-api-1.1.2.jar:/Users/didi/.m2/repository/org/apache/tomcat/embed/tomcat-embed-el/9.0.83/tomcat-embed-el-9.0.83.jar:/Users/didi/.m2/repository/org/springframework/boot/spring-boot-starter-actuator/2.7.18/spring-boot-starter-actuator-2.7.18.jar:/Users/didi/.m2/repository/org/springframework/boot/spring-boot-actuator-autoconfigure/2.7.18/spring-boot-actuator-autoconfigure-2.7.18.jar:/Users/didi/.m2/repository/org/springframework/boot/spring-boot-actuator/2.7.18/spring-boot-actuator-2.7.18.jar:/Users/didi/.m2/repository/com/fasterxml/jackson/core/jackson-databind/2.13.5/jackson-databind-2.13.5.jar:/Users/didi/.m2/repository/io/micrometer/micrometer-core/1.9.17/micrometer-core-1.9.17.jar:/Users/didi/.m2/repository/org/hdrhistogram/HdrHistogram/2.1.12/HdrHistogram-2.1.12.jar:/Users/didi/.m2/repository/org/latencyutils/LatencyUtils/2.0.3/LatencyUtils-2.0.3.jar:/Users/didi/.m2/repository/org/springframework/boot/spring-boot-configuration-processor/2.7.18/spring-boot-configuration-processor-2.7.18.jar:/Users/didi/.m2/repository/junit/junit/4.11/junit-4.11.jar:/Users/didi/.m2/repository/org/hamcrest/hamcrest-core/2.2/hamcrest-core-2.2.jar:/Users/didi/.m2/repository/org/hamcrest/hamcrest/2.2/hamcrest-2.2.jar:"/>
    <property name="java.vm.vendor" value="Oracle Corporation"/>
    <property name="sun.arch.data.model" value="64"/>
    <property name="java.vendor.url" value="http://java.oracle.com/"/>
    <property name="user.timezone" value=""/>
    <property name="java.vm.specification.version" value="1.8"/>
    <property name="os.name" value="Mac OS X"/>
    <property name="user.country" value="CN"/>
    <property name="sun.java.launcher" value="SUN_STANDARD"/>
    <property name="sun.boot.library.path" value="/Library/Java/JavaVirtualMachines/jdk-1.8.jdk/Contents/Home/jre/lib"/>
    <property name="sun.java.command" value="/Users/didi/Documents/AI/butterfly/butterfly/butterfly-framework/target/surefire/surefirebooter2033927831170327331.jar /Users/didi/Documents/AI/butterfly/butterfly/butterfly-framework/target/surefire 2025-06-15T20-40-31_186-jvmRun1 surefire1673884356151880226tmp surefire_0684681035304553934tmp"/>
    <property name="http.nonProxyHosts" value="local|*.local|169.254/16|*.169.254/16"/>
    <property name="surefire.test.class.path" value="/Users/didi/Documents/AI/butterfly/butterfly/butterfly-framework/target/test-classes:/Users/didi/Documents/AI/butterfly/butterfly/butterfly-framework/target/classes:/Users/didi/.m2/repository/org/springframework/boot/spring-boot-starter-web/2.7.18/spring-boot-starter-web-2.7.18.jar:/Users/didi/.m2/repository/org/springframework/boot/spring-boot-starter/2.7.18/spring-boot-starter-2.7.18.jar:/Users/didi/.m2/repository/org/springframework/boot/spring-boot/2.7.18/spring-boot-2.7.18.jar:/Users/didi/.m2/repository/org/springframework/boot/spring-boot-autoconfigure/2.7.18/spring-boot-autoconfigure-2.7.18.jar:/Users/didi/.m2/repository/org/springframework/boot/spring-boot-starter-logging/2.7.18/spring-boot-starter-logging-2.7.18.jar:/Users/didi/.m2/repository/ch/qos/logback/logback-classic/1.2.12/logback-classic-1.2.12.jar:/Users/didi/.m2/repository/ch/qos/logback/logback-core/1.2.12/logback-core-1.2.12.jar:/Users/didi/.m2/repository/org/slf4j/slf4j-api/1.7.36/slf4j-api-1.7.36.jar:/Users/didi/.m2/repository/org/apache/logging/log4j/log4j-to-slf4j/2.17.2/log4j-to-slf4j-2.17.2.jar:/Users/didi/.m2/repository/org/apache/logging/log4j/log4j-api/2.17.2/log4j-api-2.17.2.jar:/Users/didi/.m2/repository/org/slf4j/jul-to-slf4j/1.7.36/jul-to-slf4j-1.7.36.jar:/Users/didi/.m2/repository/jakarta/annotation/jakarta.annotation-api/1.3.5/jakarta.annotation-api-1.3.5.jar:/Users/didi/.m2/repository/org/springframework/spring-core/5.3.31/spring-core-5.3.31.jar:/Users/didi/.m2/repository/org/springframework/spring-jcl/5.3.31/spring-jcl-5.3.31.jar:/Users/didi/.m2/repository/org/yaml/snakeyaml/1.30/snakeyaml-1.30.jar:/Users/didi/.m2/repository/org/springframework/boot/spring-boot-starter-json/2.7.18/spring-boot-starter-json-2.7.18.jar:/Users/didi/.m2/repository/com/fasterxml/jackson/datatype/jackson-datatype-jdk8/2.13.5/jackson-datatype-jdk8-2.13.5.jar:/Users/didi/.m2/repository/com/fasterxml/jackson/core/jackson-core/2.13.5/jackson-core-2.13.5.jar:/Users/didi/.m2/repository/com/fasterxml/jackson/datatype/jackson-datatype-jsr310/2.13.5/jackson-datatype-jsr310-2.13.5.jar:/Users/didi/.m2/repository/com/fasterxml/jackson/core/jackson-annotations/2.13.5/jackson-annotations-2.13.5.jar:/Users/didi/.m2/repository/com/fasterxml/jackson/module/jackson-module-parameter-names/2.13.5/jackson-module-parameter-names-2.13.5.jar:/Users/didi/.m2/repository/org/springframework/spring-web/5.3.31/spring-web-5.3.31.jar:/Users/didi/.m2/repository/org/springframework/spring-beans/5.3.31/spring-beans-5.3.31.jar:/Users/didi/.m2/repository/org/springframework/spring-webmvc/5.3.31/spring-webmvc-5.3.31.jar:/Users/didi/.m2/repository/org/springframework/spring-aop/5.3.31/spring-aop-5.3.31.jar:/Users/didi/.m2/repository/org/springframework/spring-context/5.3.31/spring-context-5.3.31.jar:/Users/didi/.m2/repository/org/springframework/spring-expression/5.3.31/spring-expression-5.3.31.jar:/Users/didi/.m2/repository/com/alibaba/fastjson2/fastjson2/2.0.34/fastjson2-2.0.34.jar:/Users/didi/.m2/repository/com/alibaba/fastjson2/fastjson2-extension/2.0.34/fastjson2-extension-2.0.34.jar:/Users/didi/.m2/repository/io/netty/netty-all/4.1.94.Final/netty-all-4.1.94.Final.jar:/Users/didi/.m2/repository/io/netty/netty-buffer/4.1.101.Final/netty-buffer-4.1.101.Final.jar:/Users/didi/.m2/repository/io/netty/netty-codec/4.1.101.Final/netty-codec-4.1.101.Final.jar:/Users/didi/.m2/repository/io/netty/netty-codec-dns/4.1.101.Final/netty-codec-dns-4.1.101.Final.jar:/Users/didi/.m2/repository/io/netty/netty-codec-haproxy/4.1.101.Final/netty-codec-haproxy-4.1.101.Final.jar:/Users/didi/.m2/repository/io/netty/netty-codec-http/4.1.101.Final/netty-codec-http-4.1.101.Final.jar:/Users/didi/.m2/repository/io/netty/netty-codec-http2/4.1.101.Final/netty-codec-http2-4.1.101.Final.jar:/Users/didi/.m2/repository/io/netty/netty-codec-memcache/4.1.101.Final/netty-codec-memcache-4.1.101.Final.jar:/Users/didi/.m2/repository/io/netty/netty-codec-mqtt/4.1.101.Final/netty-codec-mqtt-4.1.101.Final.jar:/Users/didi/.m2/repository/io/netty/netty-codec-redis/4.1.101.Final/netty-codec-redis-4.1.101.Final.jar:/Users/didi/.m2/repository/io/netty/netty-codec-smtp/4.1.101.Final/netty-codec-smtp-4.1.101.Final.jar:/Users/didi/.m2/repository/io/netty/netty-codec-socks/4.1.101.Final/netty-codec-socks-4.1.101.Final.jar:/Users/didi/.m2/repository/io/netty/netty-codec-stomp/4.1.101.Final/netty-codec-stomp-4.1.101.Final.jar:/Users/didi/.m2/repository/io/netty/netty-codec-xml/4.1.101.Final/netty-codec-xml-4.1.101.Final.jar:/Users/didi/.m2/repository/io/netty/netty-common/4.1.101.Final/netty-common-4.1.101.Final.jar:/Users/didi/.m2/repository/io/netty/netty-handler/4.1.101.Final/netty-handler-4.1.101.Final.jar:/Users/didi/.m2/repository/io/netty/netty-transport-native-unix-common/4.1.101.Final/netty-transport-native-unix-common-4.1.101.Final.jar:/Users/didi/.m2/repository/io/netty/netty-handler-proxy/4.1.101.Final/netty-handler-proxy-4.1.101.Final.jar:/Users/didi/.m2/repository/io/netty/netty-handler-ssl-ocsp/4.1.101.Final/netty-handler-ssl-ocsp-4.1.101.Final.jar:/Users/didi/.m2/repository/io/netty/netty-resolver/4.1.101.Final/netty-resolver-4.1.101.Final.jar:/Users/didi/.m2/repository/io/netty/netty-resolver-dns/4.1.101.Final/netty-resolver-dns-4.1.101.Final.jar:/Users/didi/.m2/repository/io/netty/netty-transport/4.1.101.Final/netty-transport-4.1.101.Final.jar:/Users/didi/.m2/repository/io/netty/netty-transport-rxtx/4.1.101.Final/netty-transport-rxtx-4.1.101.Final.jar:/Users/didi/.m2/repository/io/netty/netty-transport-sctp/4.1.101.Final/netty-transport-sctp-4.1.101.Final.jar:/Users/didi/.m2/repository/io/netty/netty-transport-udt/4.1.101.Final/netty-transport-udt-4.1.101.Final.jar:/Users/didi/.m2/repository/io/netty/netty-transport-classes-epoll/4.1.101.Final/netty-transport-classes-epoll-4.1.101.Final.jar:/Users/didi/.m2/repository/io/netty/netty-transport-classes-kqueue/4.1.101.Final/netty-transport-classes-kqueue-4.1.101.Final.jar:/Users/didi/.m2/repository/io/netty/netty-resolver-dns-classes-macos/4.1.101.Final/netty-resolver-dns-classes-macos-4.1.101.Final.jar:/Users/didi/.m2/repository/io/netty/netty-transport-native-epoll/4.1.101.Final/netty-transport-native-epoll-4.1.101.Final-linux-x86_64.jar:/Users/didi/.m2/repository/io/netty/netty-transport-native-epoll/4.1.101.Final/netty-transport-native-epoll-4.1.101.Final-linux-aarch_64.jar:/Users/didi/.m2/repository/io/netty/netty-transport-native-kqueue/4.1.101.Final/netty-transport-native-kqueue-4.1.101.Final-osx-x86_64.jar:/Users/didi/.m2/repository/io/netty/netty-transport-native-kqueue/4.1.101.Final/netty-transport-native-kqueue-4.1.101.Final-osx-aarch_64.jar:/Users/didi/.m2/repository/io/netty/netty-resolver-dns-native-macos/4.1.101.Final/netty-resolver-dns-native-macos-4.1.101.Final-osx-x86_64.jar:/Users/didi/.m2/repository/io/netty/netty-resolver-dns-native-macos/4.1.101.Final/netty-resolver-dns-native-macos-4.1.101.Final-osx-aarch_64.jar:/Users/didi/.m2/repository/org/springframework/boot/spring-boot-starter-undertow/2.7.18/spring-boot-starter-undertow-2.7.18.jar:/Users/didi/.m2/repository/io/undertow/undertow-core/2.2.28.Final/undertow-core-2.2.28.Final.jar:/Users/didi/.m2/repository/org/jboss/logging/jboss-logging/3.4.3.Final/jboss-logging-3.4.3.Final.jar:/Users/didi/.m2/repository/org/jboss/xnio/xnio-api/3.8.7.Final/xnio-api-3.8.7.Final.jar:/Users/didi/.m2/repository/org/wildfly/common/wildfly-common/1.5.4.Final/wildfly-common-1.5.4.Final.jar:/Users/didi/.m2/repository/org/wildfly/client/wildfly-client-config/1.0.1.Final/wildfly-client-config-1.0.1.Final.jar:/Users/didi/.m2/repository/org/jboss/xnio/xnio-nio/3.8.7.Final/xnio-nio-3.8.7.Final.jar:/Users/didi/.m2/repository/org/jboss/threads/jboss-threads/3.1.0.Final/jboss-threads-3.1.0.Final.jar:/Users/didi/.m2/repository/io/undertow/undertow-servlet/2.2.28.Final/undertow-servlet-2.2.28.Final.jar:/Users/didi/.m2/repository/io/undertow/undertow-websockets-jsr/2.2.28.Final/undertow-websockets-jsr-2.2.28.Final.jar:/Users/didi/.m2/repository/jakarta/servlet/jakarta.servlet-api/4.0.4/jakarta.servlet-api-4.0.4.jar:/Users/didi/.m2/repository/jakarta/websocket/jakarta.websocket-api/1.1.2/jakarta.websocket-api-1.1.2.jar:/Users/didi/.m2/repository/org/apache/tomcat/embed/tomcat-embed-el/9.0.83/tomcat-embed-el-9.0.83.jar:/Users/didi/.m2/repository/org/springframework/boot/spring-boot-starter-actuator/2.7.18/spring-boot-starter-actuator-2.7.18.jar:/Users/didi/.m2/repository/org/springframework/boot/spring-boot-actuator-autoconfigure/2.7.18/spring-boot-actuator-autoconfigure-2.7.18.jar:/Users/didi/.m2/repository/org/springframework/boot/spring-boot-actuator/2.7.18/spring-boot-actuator-2.7.18.jar:/Users/didi/.m2/repository/com/fasterxml/jackson/core/jackson-databind/2.13.5/jackson-databind-2.13.5.jar:/Users/didi/.m2/repository/io/micrometer/micrometer-core/1.9.17/micrometer-core-1.9.17.jar:/Users/didi/.m2/repository/org/hdrhistogram/HdrHistogram/2.1.12/HdrHistogram-2.1.12.jar:/Users/didi/.m2/repository/org/latencyutils/LatencyUtils/2.0.3/LatencyUtils-2.0.3.jar:/Users/didi/.m2/repository/org/springframework/boot/spring-boot-configuration-processor/2.7.18/spring-boot-configuration-processor-2.7.18.jar:/Users/didi/.m2/repository/junit/junit/4.11/junit-4.11.jar:/Users/didi/.m2/repository/org/hamcrest/hamcrest-core/2.2/hamcrest-core-2.2.jar:/Users/didi/.m2/repository/org/hamcrest/hamcrest/2.2/hamcrest-2.2.jar:"/>
    <property name="sun.cpu.endian" value="little"/>
    <property name="user.home" value="/Users/didi"/>
    <property name="user.language" value="zh"/>
    <property name="java.specification.vendor" value="Oracle Corporation"/>
    <property name="java.home" value="/Library/Java/JavaVirtualMachines/jdk-1.8.jdk/Contents/Home/jre"/>
    <property name="basedir" value="/Users/didi/Documents/AI/butterfly/butterfly/butterfly-framework"/>
    <property name="file.separator" value="/"/>
    <property name="line.separator" value="&#10;"/>
    <property name="java.vm.specification.vendor" value="Oracle Corporation"/>
    <property name="java.specification.name" value="Java Platform API Specification"/>
    <property name="java.awt.graphicsenv" value="sun.awt.CGraphicsEnvironment"/>
    <property name="surefire.real.class.path" value="/Users/didi/Documents/AI/butterfly/butterfly/butterfly-framework/target/surefire/surefirebooter2033927831170327331.jar"/>
    <property name="sun.boot.class.path" value="/Library/Java/JavaVirtualMachines/jdk-1.8.jdk/Contents/Home/jre/lib/resources.jar:/Library/Java/JavaVirtualMachines/jdk-1.8.jdk/Contents/Home/jre/lib/rt.jar:/Library/Java/JavaVirtualMachines/jdk-1.8.jdk/Contents/Home/jre/lib/jsse.jar:/Library/Java/JavaVirtualMachines/jdk-1.8.jdk/Contents/Home/jre/lib/jce.jar:/Library/Java/JavaVirtualMachines/jdk-1.8.jdk/Contents/Home/jre/lib/charsets.jar:/Library/Java/JavaVirtualMachines/jdk-1.8.jdk/Contents/Home/jre/lib/jfr.jar:/Library/Java/JavaVirtualMachines/jdk-1.8.jdk/Contents/Home/jre/classes"/>
    <property name="sun.management.compiler" value="HotSpot 64-Bit Tiered Compilers"/>
    <property name="ftp.nonProxyHosts" value="local|*.local|169.254/16|*.169.254/16"/>
    <property name="java.runtime.version" value="1.8.0_411-b09"/>
    <property name="user.name" value="didi"/>
    <property name="path.separator" value=":"/>
    <property name="os.version" value="15.5"/>
    <property name="java.endorsed.dirs" value="/Library/Java/JavaVirtualMachines/jdk-1.8.jdk/Contents/Home/jre/lib/endorsed"/>
    <property name="java.runtime.name" value="Java(TM) SE Runtime Environment"/>
    <property name="file.encoding" value="UTF-8"/>
    <property name="java.vm.name" value="Java HotSpot(TM) 64-Bit Server VM"/>
    <property name="localRepository" value="/Users/didi/.m2/repository"/>
    <property name="java.vendor.url.bug" value="http://bugreport.sun.com/bugreport/"/>
    <property name="java.io.tmpdir" value="/var/folders/cb/1jlp0ylj7kv4hk1wt5m0jz940000ks/T/"/>
    <property name="idea.version" value="2021.1.2"/>
    <property name="java.version" value="1.8.0_411"/>
    <property name="user.dir" value="/Users/didi/Documents/AI/butterfly/butterfly/butterfly-framework"/>
    <property name="os.arch" value="aarch64"/>
    <property name="java.vm.specification.name" value="Java Virtual Machine Specification"/>
    <property name="java.awt.printerjob" value="sun.lwawt.macosx.CPrinterJob"/>
    <property name="sun.os.patch.level" value="unknown"/>
    <property name="java.library.path" value="/Users/didi/Library/Java/Extensions:/Library/Java/Extensions:/Network/Library/Java/Extensions:/System/Library/Java/Extensions:/usr/lib/java:."/>
    <property name="java.vm.info" value="mixed mode"/>
    <property name="java.vendor" value="Oracle Corporation"/>
    <property name="java.vm.version" value="25.411-b09"/>
    <property name="java.specification.maintenance.version" value="5"/>
    <property name="java.ext.dirs" value="/Users/didi/Library/Java/Extensions:/Library/Java/JavaVirtualMachines/jdk-1.8.jdk/Contents/Home/jre/lib/ext:/Library/Java/Extensions:/Network/Library/Java/Extensions:/System/Library/Java/Extensions:/usr/lib/java"/>
    <property name="sun.io.unicode.encoding" value="UnicodeBig"/>
    <property name="java.class.version" value="52.0"/>
    <property name="socksNonProxyHosts" value="local|*.local|169.254/16|*.169.254/16"/>
  </properties>
  <testcase name="testApp" classname="com.butterfly.AppTest" time="0.001"/>
</testsuite>